#
# There is insufficient memory for the Java Runtime Environment to continue.
# Native memory allocation (malloc) failed to allocate 1048576 bytes for AllocateHeap
# Possible reasons:
#   The system is out of physical RAM or swap space
#   In 32 bit mode, the process size limit was hit
# Possible solutions:
#   Reduce memory load on the system
#   Increase physical memory or swap space
#   Check if swap backing store is full
#   Use 64 bit Java on a 64 bit OS
#   Decrease Java heap size (-Xmx/-Xms)
#   Decrease number of Java threads
#   Decrease Java thread stack sizes (-Xss)
#   Set larger code cache with -XX:ReservedCodeCacheSize=
# This output file may be truncated or incomplete.
#
#  Out of Memory Error (memory/allocation.inline.hpp:61), pid=18540, tid=0x0000000000000bb8
#
# JRE version:  (8.0_181-b13) (build )
# Java VM: Java HotSpot(TM) 64-Bit Server VM (25.181-b13 mixed mode windows-amd64 compressed oops)
# Failed to write core dump. Minidumps are not enabled by default on client versions of Windows
#

---------------  T H R E A D  ---------------

Current thread (0x0000000003302800):  JavaThread "Unknown thread" [_thread_in_vm, id=3000, stack(0x0000000002e50000,0x0000000002f50000)]

Stack: [0x0000000002e50000,0x0000000002f50000]
[error occurred during error reporting (printing stack bounds), id 0xc0000005]

Native frames: (J=compiled Java code, j=interpreted, Vv=VM code, C=native code)


---------------  P R O C E S S  ---------------

Java Threads: ( => current thread )

Other Threads:

=>0x0000000003302800 (exited) JavaThread "Unknown thread" [_thread_in_vm, id=3000, stack(0x0000000002e50000,0x0000000002f50000)]

VM state:not at safepoint (normal execution)

VM Mutex/Monitor currently owned by a thread: None

Heap:
 PSYoungGen      total 38400K, used 665K [0x00000000d5c00000, 0x00000000d8680000, 0x0000000100000000)
  eden space 33280K, 2% used [0x00000000d5c00000,0x00000000d5ca6670,0x00000000d7c80000)
  from space 5120K, 0% used [0x00000000d8180000,0x00000000d8180000,0x00000000d8680000)
  to   space 5120K, 0% used [0x00000000d7c80000,0x00000000d7c80000,0x00000000d8180000)
 ParOldGen       total 87552K, used 0K [0x0000000081400000, 0x0000000086980000, 0x00000000d5c00000)
  object space 87552K, 0% used [0x0000000081400000,0x0000000081400000,0x0000000086980000)
 Metaspace       used 775K, capacity 4480K, committed 4480K, reserved 1056768K
  class space    used 76K, capacity 384K, committed 384K, reserved 1048576K

Card table byte_map: [0x0000000012840000,0x0000000012c40000] byte_map_base: 0x0000000012436000

Marking Bits: (ParMarkBitMap*) 0x0000000070df2d00
 Begin Bits: [0x00000000132f0000, 0x00000000152a0000)
 End Bits:   [0x00000000152a0000, 0x0000000017250000)

Polling page: 0x0000000001110000

CodeCache: size=245760Kb used=328Kb max_used=328Kb free=245431Kb
 bounds [0x0000000003480000, 0x00000000036f0000, 0x0000000012480000]
 total_blobs=58 nmethods=0 adapters=38
 compilation: enabled

Compilation events (0 events):
No events

GC Heap History (0 events):
No events

Deoptimization events (0 events):
No events

Classes redefined (0 events):
No events

Internal exceptions (0 events):
No events

Events (10 events):
Event: 0.030 loading class java/lang/Short
Event: 0.030 loading class java/lang/Short done
Event: 0.030 loading class java/lang/Integer
Event: 0.030 loading class java/lang/Integer done
Event: 0.030 loading class java/lang/Long
Event: 0.030 loading class java/lang/Long done
Event: 0.031 loading class java/lang/NullPointerException
Event: 0.031 loading class java/lang/NullPointerException done
Event: 0.031 loading class java/lang/ArithmeticException
Event: 0.031 loading class java/lang/ArithmeticException done


Dynamic libraries:
0x00007ff76f280000 - 0x00007ff76f2b7000 	C:\Program Files\Java\jdk1.8.0_181\bin\javaw.exe
0x00007ff959160000 - 0x00007ff959341000 	C:\WINDOWS\SYSTEM32\ntdll.dll
0x00007ff9572c0000 - 0x00007ff957372000 	C:\WINDOWS\System32\KERNEL32.DLL
0x00007ff956370000 - 0x00007ff9565e3000 	C:\WINDOWS\System32\KERNELBASE.dll
0x00007ff9565f0000 - 0x00007ff956691000 	C:\WINDOWS\System32\ADVAPI32.dll
0x00007ff956eb0000 - 0x00007ff956f4e000 	C:\WINDOWS\System32\msvcrt.dll
0x00007ff9574b0000 - 0x00007ff95750b000 	C:\WINDOWS\System32\sechost.dll
0x00007ff959000000 - 0x00007ff959124000 	C:\WINDOWS\System32\RPCRT4.dll
0x00007ff957110000 - 0x00007ff9572a0000 	C:\WINDOWS\System32\USER32.dll
0x00007ff955680000 - 0x00007ff9556a0000 	C:\WINDOWS\System32\win32u.dll
0x00007ff957690000 - 0x00007ff9576b8000 	C:\WINDOWS\System32\GDI32.dll
0x00007ff955750000 - 0x00007ff9558e2000 	C:\WINDOWS\System32\gdi32full.dll
0x00007ff9555e0000 - 0x00007ff95567f000 	C:\WINDOWS\System32\msvcp_win.dll
0x00007ff9558f0000 - 0x00007ff9559ea000 	C:\WINDOWS\System32\ucrtbase.dll
0x00007ff94e020000 - 0x00007ff94e289000 	C:\WINDOWS\WinSxS\amd64_microsoft.windows.common-controls_6595b64144ccf1df_6.0.17134.472_none_fb3f9af53068156d\COMCTL32.dll
0x00007ff956950000 - 0x00007ff956c72000 	C:\WINDOWS\System32\combase.dll
0x00007ff956100000 - 0x00007ff95617a000 	C:\WINDOWS\System32\bcryptPrimitives.dll
0x00007ff957b10000 - 0x00007ff957b3d000 	C:\WINDOWS\System32\IMM32.DLL
0x00000000710d0000 - 0x00000000711a2000 	C:\Program Files\Java\jdk1.8.0_181\jre\bin\msvcr100.dll
0x00000000705d0000 - 0x0000000070e72000 	C:\Program Files\Java\jdk1.8.0_181\jre\bin\server\jvm.dll
0x00007ff956ea0000 - 0x00007ff956ea8000 	C:\WINDOWS\System32\PSAPI.DLL
0x00007ff953800000 - 0x00007ff953823000 	C:\WINDOWS\SYSTEM32\WINMM.dll
0x00007ff950990000 - 0x00007ff95099a000 	C:\WINDOWS\SYSTEM32\VERSION.dll
0x00007ff947da0000 - 0x00007ff947da9000 	C:\WINDOWS\SYSTEM32\WSOCK32.dll
0x00007ff9537d0000 - 0x00007ff9537fa000 	C:\WINDOWS\SYSTEM32\winmmbase.dll
0x00007ff957380000 - 0x00007ff9573ec000 	C:\WINDOWS\System32\WS2_32.dll
0x00007ff955530000 - 0x00007ff955579000 	C:\WINDOWS\System32\cfgmgr32.dll
0x00000000704e0000 - 0x00000000704ef000 	C:\Program Files\Java\jdk1.8.0_181\jre\bin\verify.dll
0x00000000704b0000 - 0x00000000704d9000 	C:\Program Files\Java\jdk1.8.0_181\jre\bin\java.dll
0x0000000070490000 - 0x00000000704a6000 	C:\Program Files\Java\jdk1.8.0_181\jre\bin\zip.dll

VM Arguments:
jvm_args: -Dfile.encoding=GBK 
java_command: ui.Maininterface
java_class_path (initial): C:\Program Files\Java\jdk1.8.0_181\jre\lib\resources.jar;C:\Program Files\Java\jdk1.8.0_181\jre\lib\rt.jar;C:\Program Files\Java\jdk1.8.0_181\jre\lib\jsse.jar;C:\Program Files\Java\jdk1.8.0_181\jre\lib\jce.jar;C:\Program Files\Java\jdk1.8.0_181\jre\lib\charsets.jar;C:\Program Files\Java\jdk1.8.0_181\jre\lib\jfr.jar;C:\Program Files\Java\jdk1.8.0_181\jre\lib\ext\access-bridge-64.jar;C:\Program Files\Java\jdk1.8.0_181\jre\lib\ext\cldrdata.jar;C:\Program Files\Java\jdk1.8.0_181\jre\lib\ext\dnsns.jar;C:\Program Files\Java\jdk1.8.0_181\jre\lib\ext\jaccess.jar;C:\Program Files\Java\jdk1.8.0_181\jre\lib\ext\jfxrt.jar;C:\Program Files\Java\jdk1.8.0_181\jre\lib\ext\localedata.jar;C:\Program Files\Java\jdk1.8.0_181\jre\lib\ext\nashorn.jar;C:\Program Files\Java\jdk1.8.0_181\jre\lib\ext\sunec.jar;C:\Program Files\Java\jdk1.8.0_181\jre\lib\ext\sunjce_provider.jar;C:\Program Files\Java\jdk1.8.0_181\jre\lib\ext\sunmscapi.jar;C:\Program Files\Java\jdk1.8.0_181\jre\lib\ext\sunpkcs11.jar;C:\Program Files\Java\jdk1.8.0_181\jre\lib\ext\zipfs.jar;D:\Program Files (x86)\eclipse-workspace\NPCcreator\bin;D:\Program Files (x86)\eclipse-workspace\NPCcreator\org.json
Launcher Type: SUN_STANDARD

Environment Variables:
JAVA_HOME=C:\Program Files (x86)\Java\jdk1.8.0_161
PATH=C:/Program Files/Java/jdk1.8.0_181/jre/bin/server;C:/Program Files/Java/jdk1.8.0_181/jre/bin;C:/Program Files/Java/jdk1.8.0_181/jre/lib/amd64;C:\Users\¡ı÷æ¿÷\algs4\java\bin;C:\Program Files (x86)\Common Files\Oracle\Java\javapath;C:\ProgramData\Oracle\Java\javapath;D:\Program Files (x86)\Do3think\DVP2\;D:\Program Files (x86)\Do3think\DVP2 x64\;C:\Program Files (x86)\Intel\iCLS Client\;C:\Program Files\Intel\iCLS Client\;C:\Windows\system32;C:\Windows;C:\Windows\System32\Wbem;C:\Windows\System32\WindowsPowerShell\v1.0\;C:\Program Files (x86)\NVIDIA Corporation\PhysX\Common;C:\Program Files (x86)\Intel\Intel(R) Management Engine Components\DAL;C:\Program Files\Intel\Intel(R) Management Engine Components\DAL;C:\Program Files (x86)\Intel\Intel(R) Management Engine Components\IPT;C:\Program Files\Intel\Intel(R) Management Engine Components\IPT;C:\WINDOWS\system32;C:\WINDOWS;C:\WINDOWS\System32\Wbem;C:\WINDOWS\System32\WindowsPowerShell\v1.0\;C:\Program Files\Microsoft SQL Server\120\Tools\Binn\;C:\Program Files\Microsoft SQL Server\130\Tools\Binn\;C:\Program Files (x86)\nodejs\;C:\Program Files\Git\cmd;C:\Program Files\Intel\WiFi\bin\;C:\Program Files\Common Files\Intel\WirelessCommon\;C:\Program Files\dotnet\;C:\WINDOWS\System32\OpenSSH\;C:\Program Files (x86)\Java\jdk1.8.0_161\bin;C:\Program Files (x86)\Java\jdk1.8.0_161\jre\bin;C:\Users\¡ı÷æ¿÷\algs4\bin;C:\Users\¡ı÷æ¿÷\algs4\java\bin;C:\Users\¡ı÷æ¿÷\AppData\Local\Microsoft\WindowsApps;C:\Users\¡ı÷æ¿÷\AppData\Roaming\npm;;C:\Users\¡ı÷æ¿÷\Desktop;
USERNAME=¡ı÷æ¿÷
OS=Windows_NT
PROCESSOR_IDENTIFIER=Intel64 Family 6 Model 94 Stepping 3, GenuineIntel



---------------  S Y S T E M  ---------------

OS: Windows 10.0 , 64 bit Build 17134 (10.0.17134.1)

CPU:total 4 (initial active 4) (4 cores per cpu, 1 threads per core) family 6 model 94 stepping 3, cmov, cx8, fxsr, mmx, sse, sse2, sse3, ssse3, sse4.1, sse4.2, popcnt, avx, avx2, aes, clmul, erms, rtm, 3dnowpref, lzcnt, tsc, tscinvbit, bmi1, bmi2, adx

Memory: 4k page, physical 8299428k(2040328k free), swap 21406752k(5524k free)

vm_info: Java HotSpot(TM) 64-Bit Server VM (25.181-b13) for windows-amd64 JRE (1.8.0_181-b13), built on Jul  7 2018 04:01:33 by "java_re" with MS VC++ 10.0 (VS2010)

time: Thu Dec 27 22:38:24 2018
elapsed time: 0 seconds (0d 0h 0m 0s)

